<?xml version="1.0" encoding="UTF-8"?>
<testsuite xmlns:xsi="http://www.w3.org/2001/XMLSchema-instance" xsi:noNamespaceSchemaLocation="https://maven.apache.org/surefire/maven-surefire-plugin/xsd/surefire-test-report.xsd" name="de.hfu.AppTest" time="0.053" tests="1" errors="0" skipped="0" failures="0">
  <properties>
    <property name="java.specification.version" value="15"/>
    <property name="sun.cpu.isalist" value="amd64"/>
    <property name="sun.jnu.encoding" value="Cp1252"/>
    <property name="java.class.path" value="C:\Users\SCHU21de\OneDrive - B. Braun\HFU\3. Lehrplansemester\OSSE\Praktikum 5\maven_project\target\test-classes;C:\Users\SCHU21de\OneDrive - B. Braun\HFU\3. Lehrplansemester\OSSE\Praktikum 5\maven_project\target\classes;C:\Users\SCHU21de\.m2\repository\junit\junit\4.12\junit-4.12.jar;C:\Users\SCHU21de\.m2\repository\org\hamcrest\hamcrest-core\1.3\hamcrest-core-1.3.jar;"/>
    <property name="java.vm.vendor" value="Oracle Corporation"/>
    <property name="sun.arch.data.model" value="64"/>
    <property name="user.variant" value=""/>
    <property name="java.vendor.url" value="https://java.oracle.com/"/>
    <property name="user.timezone" value="Europe/Berlin"/>
    <property name="os.name" value="Windows 10"/>
    <property name="java.vm.specification.version" value="15"/>
    <property name="sun.java.launcher" value="SUN_STANDARD"/>
    <property name="user.country" value="DE"/>
    <property name="sun.boot.library.path" value="C:\Program Files\Java\jdk-15.0.1\bin"/>
    <property name="sun.java.command" value="C:\Users\SCHU21de\AppData\Local\Temp\1\surefire4022130739963551976\surefirebooter2726551334278412956.jar C:\Users\SCHU21de\AppData\Local\Temp\1\surefire4022130739963551976 2021-11-11T11-17-25_752-jvmRun1 surefire14649737597715661496tmp surefire_03635622683265658773tmp"/>
    <property name="jdk.debug" value="release"/>
    <property name="surefire.test.class.path" value="C:\Users\SCHU21de\OneDrive - B. Braun\HFU\3. Lehrplansemester\OSSE\Praktikum 5\maven_project\target\test-classes;C:\Users\SCHU21de\OneDrive - B. Braun\HFU\3. Lehrplansemester\OSSE\Praktikum 5\maven_project\target\classes;C:\Users\SCHU21de\.m2\repository\junit\junit\4.12\junit-4.12.jar;C:\Users\SCHU21de\.m2\repository\org\hamcrest\hamcrest-core\1.3\hamcrest-core-1.3.jar;"/>
    <property name="sun.cpu.endian" value="little"/>
    <property name="user.home" value="C:\Users\SCHU21de"/>
    <property name="user.language" value="de"/>
    <property name="java.specification.vendor" value="Oracle Corporation"/>
    <property name="java.version.date" value="2020-10-20"/>
    <property name="java.home" value="C:\Program Files\Java\jdk-15.0.1"/>
    <property name="file.separator" value="\"/>
    <property name="basedir" value="C:\Users\SCHU21de\OneDrive - B. Braun\HFU\3. Lehrplansemester\OSSE\Praktikum 5\maven_project"/>
    <property name="java.vm.compressedOopsMode" value="Zero based"/>
    <property name="line.separator" value="&#10;"/>
    <property name="java.vm.specification.vendor" value="Oracle Corporation"/>
    <property name="java.specification.name" value="Java Platform API Specification"/>
    <property name="surefire.real.class.path" value="C:\Users\SCHU21de\AppData\Local\Temp\1\surefire4022130739963551976\surefirebooter2726551334278412956.jar"/>
    <property name="user.script" value=""/>
    <property name="sun.management.compiler" value="HotSpot 64-Bit Tiered Compilers"/>
    <property name="java.runtime.version" value="15.0.1+9-18"/>
    <property name="user.name" value="schu21de"/>
    <property name="path.separator" value=";"/>
    <property name="os.version" value="10.0"/>
    <property name="java.runtime.name" value="Java(TM) SE Runtime Environment"/>
    <property name="file.encoding" value="Cp1252"/>
    <property name="java.vm.name" value="Java HotSpot(TM) 64-Bit Server VM"/>
    <property name="localRepository" value="C:\Users\SCHU21de\.m2\repository"/>
    <property name="java.vendor.url.bug" value="https://bugreport.java.com/bugreport/"/>
    <property name="java.io.tmpdir" value="C:\Users\SCHU21de\AppData\Local\Temp\1\"/>
    <property name="java.version" value="15.0.1"/>
    <property name="user.dir" value="C:\Users\SCHU21de\OneDrive - B. Braun\HFU\3. Lehrplansemester\OSSE\Praktikum 5\maven_project"/>
    <property name="os.arch" value="amd64"/>
    <property name="java.vm.specification.name" value="Java Virtual Machine Specification"/>
    <property name="sun.os.patch.level" value=""/>
    <property name="java.library.path" value="C:\Program Files\Java\jdk-15.0.1\bin;C:\WINDOWS\Sun\Java\bin;C:\WINDOWS\system32;C:\WINDOWS;C:\Program Files\Python39\Scripts\;C:\Program Files\Python39\;C:\Program Files\Common Files\Oracle\Java\javapath;C:\Program Files (x86)\Common Files\Oracle\Java\javapath;C:\windows\system32;C:\windows;C:\windows\System32\Wbem;C:\windows\System32\WindowsPowerShell\v1.0\;C:\windows\System32\OpenSSH\;C:\windows\system32\config\systemprofile\AppData\Local\Microsoft\WindowsApps;C:\Program Files (x86)\LANDesk\Shared Files;C:\ProgramData\BBraun\Tools;C:\Program Files (x86)\OpenText\Viewer\bin;C:\Program Files (x86)\PuTTY;C:\Program Files (x86)\QuickTime\QTSystem\;C:\Program Files\nodejs\;C:\Program Files\Git\cmd;C:\Program Files (x86)\Windows Kits\10\Windows Performance Toolkit\;C:\Program Files\dotnet\;C:\Program Files (x86)\NVIDIA Corporation\PhysX\Common;C:\Program Files (x86)\dotnet\;C:\Program Files (x86)\Intel\Intel(R) Management Engine Components\DAL;C:\Program Files\Intel\Intel(R) Management Engine Components\DAL;C:\WINDOWS\system32;C:\WINDOWS;C:\WINDOWS\System32\Wbem;C:\WINDOWS\System32\WindowsPowerShell\v1.0\;C:\WINDOWS\System32\OpenSSH\;C:\ProgramData\chocolatey\bin;C:\Program Files (x86)\Subversion\bin;C:\Program Files\Docker\Docker\resources\bin;C:\ProgramData\DockerDesktop\version-bin;C:\ProgramData\chocolatey\lib\maven\apache-maven-3.8.3\bin;C:\Users\SCHU21de\AppData\Local\Programs\Python\Python38\Scripts\;C:\Users\SCHU21de\AppData\Local\Programs\Python\Python38\;C:\Users\SCHU21de\AppData\Local\Microsoft\WindowsApps;;C:\Users\SCHU21de\AppData\Local\Programs\Microsoft VS Code\bin;C:\Users\SCHU21de\AppData\Roaming\npm;C:\Users\SCHU21de\.dotnet\tools;."/>
    <property name="java.vm.info" value="mixed mode, sharing"/>
    <property name="java.vendor" value="Oracle Corporation"/>
    <property name="java.vm.version" value="15.0.1+9-18"/>
    <property name="sun.io.unicode.encoding" value="UnicodeLittle"/>
    <property name="java.class.version" value="59.0"/>
  </properties>
  <testcase name="shouldAnswerWithTrue" classname="de.hfu.AppTest" time="0.001"/>
</testsuite>